<?xml version="1.0" encoding="UTF-8"?>
<testng-results skipped="0" failed="0" ignored="0" total="1" passed="1">
  <reporter-output>
  </reporter-output>
  <suite name="Default suite" duration-ms="5067" started-at="2021-05-15T11:07:55 IST" finished-at="2021-05-15T11:08:00 IST">
    <groups>
    </groups>
    <test name="Default test" duration-ms="5067" started-at="2021-05-15T11:07:55 IST" finished-at="2021-05-15T11:08:00 IST">
      <class name="com.w2a.testcases.TestCase_01">
        <test-method status="PASS" signature="setup()[pri:0, instance:com.w2a.testcases.TestCase_01@6e6c3152]" name="setup" is-config="true" duration-ms="4850" started-at="2021-05-15T11:07:50 IST" finished-at="2021-05-15T11:07:55 IST">
          <reporter-output>
          </reporter-output>
        </test-method> <!-- setup -->
        <test-method status="PASS" signature="testCase01()[pri:0, instance:com.w2a.testcases.TestCase_01@6e6c3152]" name="testCase01" duration-ms="5020" started-at="2021-05-15T11:07:55 IST" finished-at="2021-05-15T11:08:00 IST">
          <reporter-output>
          </reporter-output>
        </test-method> <!-- testCase01 -->
        <test-method status="PASS" signature="tearDown()[pri:0, instance:com.w2a.testcases.TestCase_01@6e6c3152]" name="tearDown" is-config="true" duration-ms="883" started-at="2021-05-15T11:08:00 IST" finished-at="2021-05-15T11:08:01 IST">
          <reporter-output>
          </reporter-output>
        </test-method> <!-- tearDown -->
      </class> <!-- com.w2a.testcases.TestCase_01 -->
    </test> <!-- Default test -->
  </suite> <!-- Default suite -->
</testng-results>
